<?xml version="1.0" encoding="UTF-8"?>
<testsuite xmlns:xsi="http://www.w3.org/2001/XMLSchema-instance" xsi:noNamespaceSchemaLocation="https://maven.apache.org/surefire/maven-surefire-plugin/xsd/surefire-test-report.xsd" name="com.test_web.selenium.JSTest" time="15.598" tests="1" errors="0" skipped="0" failures="0">
  <properties>
    <property name="sun.desktop" value="windows"/>
    <property name="awt.toolkit" value="sun.awt.windows.WToolkit"/>
    <property name="file.encoding.pkg" value="sun.io"/>
    <property name="java.specification.version" value="1.8"/>
    <property name="sun.cpu.isalist" value="amd64"/>
    <property name="sun.jnu.encoding" value="GBK"/>
    <property name="java.class.path" value="D:\ideaproject\hogwarts\seleniumTestDemo\target\test-classes;D:\ideaproject\hogwarts\seleniumTestDemo\target\classes;D:\RepositoryLaura\org\junit\jupiter\junit-jupiter\5.7.0-M1\junit-jupiter-5.7.0-M1.jar;D:\RepositoryLaura\org\junit\jupiter\junit-jupiter-api\5.7.0-M1\junit-jupiter-api-5.7.0-M1.jar;D:\RepositoryLaura\org\apiguardian\apiguardian-api\1.1.0\apiguardian-api-1.1.0.jar;D:\RepositoryLaura\org\opentest4j\opentest4j\1.2.0\opentest4j-1.2.0.jar;D:\RepositoryLaura\org\junit\platform\junit-platform-commons\1.7.0-M1\junit-platform-commons-1.7.0-M1.jar;D:\RepositoryLaura\org\junit\jupiter\junit-jupiter-params\5.7.0-M1\junit-jupiter-params-5.7.0-M1.jar;D:\RepositoryLaura\org\junit\jupiter\junit-jupiter-engine\5.7.0-M1\junit-jupiter-engine-5.7.0-M1.jar;D:\RepositoryLaura\org\junit\platform\junit-platform-engine\1.7.0-M1\junit-platform-engine-1.7.0-M1.jar;D:\RepositoryLaura\io\appium\java-client\7.2.0\java-client-7.2.0.jar;D:\RepositoryLaura\org\seleniumhq\selenium\selenium-support\3.141.59\selenium-support-3.141.59.jar;D:\RepositoryLaura\org\seleniumhq\selenium\selenium-api\3.141.59\selenium-api-3.141.59.jar;D:\RepositoryLaura\com\google\code\gson\gson\2.8.5\gson-2.8.5.jar;D:\RepositoryLaura\org\apache\httpcomponents\httpclient\4.5.9\httpclient-4.5.9.jar;D:\RepositoryLaura\cglib\cglib\3.2.12\cglib-3.2.12.jar;D:\RepositoryLaura\org\ow2\asm\asm\7.1\asm-7.1.jar;D:\RepositoryLaura\commons-validator\commons-validator\1.6\commons-validator-1.6.jar;D:\RepositoryLaura\commons-beanutils\commons-beanutils\1.9.2\commons-beanutils-1.9.2.jar;D:\RepositoryLaura\commons-digester\commons-digester\1.8.1\commons-digester-1.8.1.jar;D:\RepositoryLaura\commons-collections\commons-collections\3.2.2\commons-collections-3.2.2.jar;D:\RepositoryLaura\org\apache\commons\commons-lang3\3.9\commons-lang3-3.9.jar;D:\RepositoryLaura\commons-io\commons-io\2.6\commons-io-2.6.jar;D:\RepositoryLaura\org\springframework\spring-context\5.1.8.RELEASE\spring-context-5.1.8.RELEASE.jar;D:\RepositoryLaura\org\springframework\spring-aop\5.1.8.RELEASE\spring-aop-5.1.8.RELEASE.jar;D:\RepositoryLaura\org\springframework\spring-beans\5.1.8.RELEASE\spring-beans-5.1.8.RELEASE.jar;D:\RepositoryLaura\org\springframework\spring-core\5.1.8.RELEASE\spring-core-5.1.8.RELEASE.jar;D:\RepositoryLaura\org\springframework\spring-jcl\5.1.8.RELEASE\spring-jcl-5.1.8.RELEASE.jar;D:\RepositoryLaura\org\springframework\spring-expression\5.1.8.RELEASE\spring-expression-5.1.8.RELEASE.jar;D:\RepositoryLaura\org\aspectj\aspectjweaver\1.9.4\aspectjweaver-1.9.4.jar;D:\RepositoryLaura\org\slf4j\slf4j-api\1.7.26\slf4j-api-1.7.26.jar;D:\RepositoryLaura\org\hamcrest\hamcrest\2.2\hamcrest-2.2.jar;D:\RepositoryLaura\org\hamcrest\hamcrest-library\2.2\hamcrest-library-2.2.jar;D:\RepositoryLaura\org\hamcrest\hamcrest-core\2.2\hamcrest-core-2.2.jar;D:\RepositoryLaura\org\seleniumhq\selenium\selenium-java\3.14.0\selenium-java-3.14.0.jar;D:\RepositoryLaura\org\seleniumhq\selenium\selenium-edge-driver\3.14.0\selenium-edge-driver-3.14.0.jar;D:\RepositoryLaura\org\seleniumhq\selenium\selenium-firefox-driver\3.14.0\selenium-firefox-driver-3.14.0.jar;D:\RepositoryLaura\org\seleniumhq\selenium\selenium-ie-driver\3.14.0\selenium-ie-driver-3.14.0.jar;D:\RepositoryLaura\org\seleniumhq\selenium\selenium-opera-driver\3.14.0\selenium-opera-driver-3.14.0.jar;D:\RepositoryLaura\org\seleniumhq\selenium\selenium-remote-driver\3.14.0\selenium-remote-driver-3.14.0.jar;D:\RepositoryLaura\org\seleniumhq\selenium\selenium-safari-driver\3.14.0\selenium-safari-driver-3.14.0.jar;D:\RepositoryLaura\net\bytebuddy\byte-buddy\1.8.15\byte-buddy-1.8.15.jar;D:\RepositoryLaura\org\apache\commons\commons-exec\1.3\commons-exec-1.3.jar;D:\RepositoryLaura\commons-codec\commons-codec\1.10\commons-codec-1.10.jar;D:\RepositoryLaura\commons-logging\commons-logging\1.2\commons-logging-1.2.jar;D:\RepositoryLaura\com\google\guava\guava\25.0-jre\guava-25.0-jre.jar;D:\RepositoryLaura\com\google\code\findbugs\jsr305\1.3.9\jsr305-1.3.9.jar;D:\RepositoryLaura\org\checkerframework\checker-compat-qual\2.0.0\checker-compat-qual-2.0.0.jar;D:\RepositoryLaura\com\google\errorprone\error_prone_annotations\2.1.3\error_prone_annotations-2.1.3.jar;D:\RepositoryLaura\com\google\j2objc\j2objc-annotations\1.1\j2objc-annotations-1.1.jar;D:\RepositoryLaura\org\codehaus\mojo\animal-sniffer-annotations\1.14\animal-sniffer-annotations-1.14.jar;D:\RepositoryLaura\org\apache\httpcomponents\httpcore\4.4.9\httpcore-4.4.9.jar;D:\RepositoryLaura\com\squareup\okhttp3\okhttp\3.10.0\okhttp-3.10.0.jar;D:\RepositoryLaura\com\squareup\okio\okio\1.14.1\okio-1.14.1.jar;D:\RepositoryLaura\org\seleniumhq\selenium\selenium-chrome-driver\3.14.0\selenium-chrome-driver-3.14.0.jar;D:\RepositoryLaura\junit\junit\4.12\junit-4.12.jar;D:\RepositoryLaura\com\fasterxml\jackson\core\jackson-databind\2.3.1\jackson-databind-2.3.1.jar;D:\RepositoryLaura\com\fasterxml\jackson\core\jackson-annotations\2.3.0\jackson-annotations-2.3.0.jar;D:\RepositoryLaura\com\fasterxml\jackson\core\jackson-core\2.3.1\jackson-core-2.3.1.jar;D:\RepositoryLaura\com\fasterxml\jackson\dataformat\jackson-dataformat-yaml\2.9.9\jackson-dataformat-yaml-2.9.9.jar;D:\RepositoryLaura\org\yaml\snakeyaml\1.23\snakeyaml-1.23.jar;"/>
    <property name="java.vm.vendor" value="Oracle Corporation"/>
    <property name="sun.arch.data.model" value="64"/>
    <property name="user.variant" value=""/>
    <property name="java.vendor.url" value="http://java.oracle.com/"/>
    <property name="user.timezone" value="Asia/Shanghai"/>
    <property name="java.vm.specification.version" value="1.8"/>
    <property name="os.name" value="Windows 10"/>
    <property name="user.country" value="CN"/>
    <property name="sun.java.launcher" value="SUN_STANDARD"/>
    <property name="sun.boot.library.path" value="C:\Program Files\Java\jdk1.8.0_181\jre\bin"/>
    <property name="sun.java.command" value="C:\Users\lhy\AppData\Local\Temp\surefire5830021693498809271\surefirebooter8801323996795398350.jar C:\Users\lhy\AppData\Local\Temp\surefire5830021693498809271 2020-06-23T20-30-59_079-jvmRun1 surefire5796427220270407323tmp surefire_07763105367894030260tmp"/>
    <property name="test" value="JSTest"/>
    <property name="surefire.test.class.path" value="D:\ideaproject\hogwarts\seleniumTestDemo\target\test-classes;D:\ideaproject\hogwarts\seleniumTestDemo\target\classes;D:\RepositoryLaura\org\junit\jupiter\junit-jupiter\5.7.0-M1\junit-jupiter-5.7.0-M1.jar;D:\RepositoryLaura\org\junit\jupiter\junit-jupiter-api\5.7.0-M1\junit-jupiter-api-5.7.0-M1.jar;D:\RepositoryLaura\org\apiguardian\apiguardian-api\1.1.0\apiguardian-api-1.1.0.jar;D:\RepositoryLaura\org\opentest4j\opentest4j\1.2.0\opentest4j-1.2.0.jar;D:\RepositoryLaura\org\junit\platform\junit-platform-commons\1.7.0-M1\junit-platform-commons-1.7.0-M1.jar;D:\RepositoryLaura\org\junit\jupiter\junit-jupiter-params\5.7.0-M1\junit-jupiter-params-5.7.0-M1.jar;D:\RepositoryLaura\org\junit\jupiter\junit-jupiter-engine\5.7.0-M1\junit-jupiter-engine-5.7.0-M1.jar;D:\RepositoryLaura\org\junit\platform\junit-platform-engine\1.7.0-M1\junit-platform-engine-1.7.0-M1.jar;D:\RepositoryLaura\io\appium\java-client\7.2.0\java-client-7.2.0.jar;D:\RepositoryLaura\org\seleniumhq\selenium\selenium-support\3.141.59\selenium-support-3.141.59.jar;D:\RepositoryLaura\org\seleniumhq\selenium\selenium-api\3.141.59\selenium-api-3.141.59.jar;D:\RepositoryLaura\com\google\code\gson\gson\2.8.5\gson-2.8.5.jar;D:\RepositoryLaura\org\apache\httpcomponents\httpclient\4.5.9\httpclient-4.5.9.jar;D:\RepositoryLaura\cglib\cglib\3.2.12\cglib-3.2.12.jar;D:\RepositoryLaura\org\ow2\asm\asm\7.1\asm-7.1.jar;D:\RepositoryLaura\commons-validator\commons-validator\1.6\commons-validator-1.6.jar;D:\RepositoryLaura\commons-beanutils\commons-beanutils\1.9.2\commons-beanutils-1.9.2.jar;D:\RepositoryLaura\commons-digester\commons-digester\1.8.1\commons-digester-1.8.1.jar;D:\RepositoryLaura\commons-collections\commons-collections\3.2.2\commons-collections-3.2.2.jar;D:\RepositoryLaura\org\apache\commons\commons-lang3\3.9\commons-lang3-3.9.jar;D:\RepositoryLaura\commons-io\commons-io\2.6\commons-io-2.6.jar;D:\RepositoryLaura\org\springframework\spring-context\5.1.8.RELEASE\spring-context-5.1.8.RELEASE.jar;D:\RepositoryLaura\org\springframework\spring-aop\5.1.8.RELEASE\spring-aop-5.1.8.RELEASE.jar;D:\RepositoryLaura\org\springframework\spring-beans\5.1.8.RELEASE\spring-beans-5.1.8.RELEASE.jar;D:\RepositoryLaura\org\springframework\spring-core\5.1.8.RELEASE\spring-core-5.1.8.RELEASE.jar;D:\RepositoryLaura\org\springframework\spring-jcl\5.1.8.RELEASE\spring-jcl-5.1.8.RELEASE.jar;D:\RepositoryLaura\org\springframework\spring-expression\5.1.8.RELEASE\spring-expression-5.1.8.RELEASE.jar;D:\RepositoryLaura\org\aspectj\aspectjweaver\1.9.4\aspectjweaver-1.9.4.jar;D:\RepositoryLaura\org\slf4j\slf4j-api\1.7.26\slf4j-api-1.7.26.jar;D:\RepositoryLaura\org\hamcrest\hamcrest\2.2\hamcrest-2.2.jar;D:\RepositoryLaura\org\hamcrest\hamcrest-library\2.2\hamcrest-library-2.2.jar;D:\RepositoryLaura\org\hamcrest\hamcrest-core\2.2\hamcrest-core-2.2.jar;D:\RepositoryLaura\org\seleniumhq\selenium\selenium-java\3.14.0\selenium-java-3.14.0.jar;D:\RepositoryLaura\org\seleniumhq\selenium\selenium-edge-driver\3.14.0\selenium-edge-driver-3.14.0.jar;D:\RepositoryLaura\org\seleniumhq\selenium\selenium-firefox-driver\3.14.0\selenium-firefox-driver-3.14.0.jar;D:\RepositoryLaura\org\seleniumhq\selenium\selenium-ie-driver\3.14.0\selenium-ie-driver-3.14.0.jar;D:\RepositoryLaura\org\seleniumhq\selenium\selenium-opera-driver\3.14.0\selenium-opera-driver-3.14.0.jar;D:\RepositoryLaura\org\seleniumhq\selenium\selenium-remote-driver\3.14.0\selenium-remote-driver-3.14.0.jar;D:\RepositoryLaura\org\seleniumhq\selenium\selenium-safari-driver\3.14.0\selenium-safari-driver-3.14.0.jar;D:\RepositoryLaura\net\bytebuddy\byte-buddy\1.8.15\byte-buddy-1.8.15.jar;D:\RepositoryLaura\org\apache\commons\commons-exec\1.3\commons-exec-1.3.jar;D:\RepositoryLaura\commons-codec\commons-codec\1.10\commons-codec-1.10.jar;D:\RepositoryLaura\commons-logging\commons-logging\1.2\commons-logging-1.2.jar;D:\RepositoryLaura\com\google\guava\guava\25.0-jre\guava-25.0-jre.jar;D:\RepositoryLaura\com\google\code\findbugs\jsr305\1.3.9\jsr305-1.3.9.jar;D:\RepositoryLaura\org\checkerframework\checker-compat-qual\2.0.0\checker-compat-qual-2.0.0.jar;D:\RepositoryLaura\com\google\errorprone\error_prone_annotations\2.1.3\error_prone_annotations-2.1.3.jar;D:\RepositoryLaura\com\google\j2objc\j2objc-annotations\1.1\j2objc-annotations-1.1.jar;D:\RepositoryLaura\org\codehaus\mojo\animal-sniffer-annotations\1.14\animal-sniffer-annotations-1.14.jar;D:\RepositoryLaura\org\apache\httpcomponents\httpcore\4.4.9\httpcore-4.4.9.jar;D:\RepositoryLaura\com\squareup\okhttp3\okhttp\3.10.0\okhttp-3.10.0.jar;D:\RepositoryLaura\com\squareup\okio\okio\1.14.1\okio-1.14.1.jar;D:\RepositoryLaura\org\seleniumhq\selenium\selenium-chrome-driver\3.14.0\selenium-chrome-driver-3.14.0.jar;D:\RepositoryLaura\junit\junit\4.12\junit-4.12.jar;D:\RepositoryLaura\com\fasterxml\jackson\core\jackson-databind\2.3.1\jackson-databind-2.3.1.jar;D:\RepositoryLaura\com\fasterxml\jackson\core\jackson-annotations\2.3.0\jackson-annotations-2.3.0.jar;D:\RepositoryLaura\com\fasterxml\jackson\core\jackson-core\2.3.1\jackson-core-2.3.1.jar;D:\RepositoryLaura\com\fasterxml\jackson\dataformat\jackson-dataformat-yaml\2.9.9\jackson-dataformat-yaml-2.9.9.jar;D:\RepositoryLaura\org\yaml\snakeyaml\1.23\snakeyaml-1.23.jar;"/>
    <property name="sun.cpu.endian" value="little"/>
    <property name="user.home" value="C:\Users\lhy"/>
    <property name="user.language" value="zh"/>
    <property name="java.specification.vendor" value="Oracle Corporation"/>
    <property name="java.home" value="C:\Program Files\Java\jdk1.8.0_181\jre"/>
    <property name="basedir" value="D:\ideaproject\hogwarts\seleniumTestDemo"/>
    <property name="file.separator" value="\"/>
    <property name="line.separator" value="&#10;"/>
    <property name="java.vm.specification.vendor" value="Oracle Corporation"/>
    <property name="java.specification.name" value="Java Platform API Specification"/>
    <property name="java.awt.graphicsenv" value="sun.awt.Win32GraphicsEnvironment"/>
    <property name="surefire.real.class.path" value="C:\Users\lhy\AppData\Local\Temp\surefire5830021693498809271\surefirebooter8801323996795398350.jar"/>
    <property name="sun.boot.class.path" value="C:\Program Files\Java\jdk1.8.0_181\jre\lib\resources.jar;C:\Program Files\Java\jdk1.8.0_181\jre\lib\rt.jar;C:\Program Files\Java\jdk1.8.0_181\jre\lib\sunrsasign.jar;C:\Program Files\Java\jdk1.8.0_181\jre\lib\jsse.jar;C:\Program Files\Java\jdk1.8.0_181\jre\lib\jce.jar;C:\Program Files\Java\jdk1.8.0_181\jre\lib\charsets.jar;C:\Program Files\Java\jdk1.8.0_181\jre\lib\jfr.jar;C:\Program Files\Java\jdk1.8.0_181\jre\classes"/>
    <property name="user.script" value=""/>
    <property name="sun.management.compiler" value="HotSpot 64-Bit Tiered Compilers"/>
    <property name="java.runtime.version" value="1.8.0_181-b13"/>
    <property name="user.name" value="lhy"/>
    <property name="path.separator" value=";"/>
    <property name="os.version" value="10.0"/>
    <property name="java.endorsed.dirs" value="C:\Program Files\Java\jdk1.8.0_181\jre\lib\endorsed"/>
    <property name="java.runtime.name" value="Java(TM) SE Runtime Environment"/>
    <property name="file.encoding" value="GBK"/>
    <property name="java.vm.name" value="Java HotSpot(TM) 64-Bit Server VM"/>
    <property name="localRepository" value="D:\RepositoryLaura"/>
    <property name="java.vendor.url.bug" value="http://bugreport.sun.com/bugreport/"/>
    <property name="java.io.tmpdir" value="C:\Users\lhy\AppData\Local\Temp\"/>
    <property name="java.version" value="1.8.0_181"/>
    <property name="user.dir" value="D:\ideaproject\hogwarts\seleniumTestDemo"/>
    <property name="os.arch" value="amd64"/>
    <property name="java.vm.specification.name" value="Java Virtual Machine Specification"/>
    <property name="java.awt.printerjob" value="sun.awt.windows.WPrinterJob"/>
    <property name="sun.os.patch.level" value=""/>
    <property name="java.library.path" value="C:\Program Files\Java\jdk1.8.0_181\jre\bin;C:\WINDOWS\Sun\Java\bin;C:\WINDOWS\system32;C:\WINDOWS;D:\tools\Git\mingw64\bin;D:\tools\Git\usr\bin;C:\Users\lhy\bin;D:\develop\Python38\Scripts;D:\develop\Python38;C:\Program Files (x86)\Common Files\Oracle\Java\javapath;C:\Program Files (x86)\Intel\iCLS Client;C:\Program Files\Intel\iCLS Client;C:\WINDOWS\system32;C:\WINDOWS;C:\WINDOWS\System32\Wbem;C:\WINDOWS\System32\WindowsPowerShell\v1.0;C:\Program Files (x86)\Intel\Intel(R) Management Engine Components\DAL;C:\Program Files\Intel\Intel(R) Management Engine Components\DAL;C:\Program Files (x86)\Intel\Intel(R) Management Engine Components\IPT;C:\Program Files\Intel\Intel(R) Management Engine Components\IPT;C:\Program Files\Java\jdk1.8.0_181;C:\WINDOWS\System32\OpenSSH;D:\tools\Git\cmd;D:\develop\mysql-5.6.24-winx64\bin;D:\tools\sonar-scanner-4.0.0.1744-windows\bin;D:\python;D:\tools\allure-2.13.3\bin;C:\Program Files (x86)\Google\Chrome\Application;C:\Program Files\nodejs;C:\Users\lhy\AppData\Local\Programs\Python\Python37-32\Scripts;C:\Users\lhy\AppData\Local\Programs\Python\Python37-32;D:\python\Scripts;D:\python;D:\develop\apache-maven-3.6.1\bin;C:\Program Files\Java\jdk1.8.0_181\bin;C:\Program Files\Java\jdk1.8.0_181\jre\bin；C;D:\tools\Git\Program Files\MongoDB\Server\4.0\bin;C:\Users\lhy\AppData\Local\Microsoft\WindowsApps;D:\develop\python;%JMETER_HOME\lib\ext\ApacheJMeter_core.ja;D:\develop\apache-jmeter-5.1.1\lib\jorphan.jar;D:\develop\apache-jmeter-5.1.1\lib\logkit-2.0.jar;.;D:\develop\mysql-5.7.22-winx64\bin;C:\Users\lhy\AppData\Local\Microsoft\WindowsApps;D:\develop\Fiddler;D:\develop\Microsoft VS Code\bin;D:\develop\android-sdk-windows\platform-tools;D:\develop\android-sdk-windows\tools;C:\Program Files\nodejs;C:\Users\lhy\AppData\Roaming\npm;."/>
    <property name="java.vm.info" value="mixed mode"/>
    <property name="java.vendor" value="Oracle Corporation"/>
    <property name="java.vm.version" value="25.181-b13"/>
    <property name="java.ext.dirs" value="C:\Program Files\Java\jdk1.8.0_181\jre\lib\ext;C:\WINDOWS\Sun\Java\lib\ext"/>
    <property name="sun.io.unicode.encoding" value="UnicodeLittle"/>
    <property name="java.class.version" value="52.0"/>
  </properties>
  <testcase name="jsTest" classname="com.test_web.selenium.JSTest" time="6.765"/>
</testsuite>