<?xml version="1.0" encoding="UTF-8"?>
<testsuite xmlns:xsi="http://www.w3.org/2001/XMLSchema-instance" xsi:noNamespaceSchemaLocation="https://maven.apache.org/surefire/maven-surefire-plugin/xsd/surefire-test-report.xsd" name="com.junit5.TestYaml" time="0.125" tests="8" errors="1" skipped="0" failures="3">
  <properties>
    <property name="sun.desktop" value="windows"/>
    <property name="awt.toolkit" value="sun.awt.windows.WToolkit"/>
    <property name="file.encoding.pkg" value="sun.io"/>
    <property name="java.specification.version" value="1.8"/>
    <property name="sun.cpu.isalist" value="amd64"/>
    <property name="sun.jnu.encoding" value="GBK"/>
    <property name="java.class.path" value="D:\ideaproject\hogwarts\java3\target\test-classes;D:\ideaproject\hogwarts\java3\target\classes;D:\RepositoryLaura\org\junit\jupiter\junit-jupiter\5.7.0-M1\junit-jupiter-5.7.0-M1.jar;D:\RepositoryLaura\org\junit\jupiter\junit-jupiter-api\5.7.0-M1\junit-jupiter-api-5.7.0-M1.jar;D:\RepositoryLaura\org\apiguardian\apiguardian-api\1.1.0\apiguardian-api-1.1.0.jar;D:\RepositoryLaura\org\opentest4j\opentest4j\1.2.0\opentest4j-1.2.0.jar;D:\RepositoryLaura\org\junit\platform\junit-platform-commons\1.7.0-M1\junit-platform-commons-1.7.0-M1.jar;D:\RepositoryLaura\org\junit\jupiter\junit-jupiter-params\5.7.0-M1\junit-jupiter-params-5.7.0-M1.jar;D:\RepositoryLaura\org\junit\jupiter\junit-jupiter-engine\5.7.0-M1\junit-jupiter-engine-5.7.0-M1.jar;D:\RepositoryLaura\org\junit\platform\junit-platform-engine\1.7.0-M1\junit-platform-engine-1.7.0-M1.jar;D:\RepositoryLaura\com\fasterxml\jackson\core\jackson-databind\2.3.1\jackson-databind-2.3.1.jar;D:\RepositoryLaura\com\fasterxml\jackson\core\jackson-annotations\2.3.0\jackson-annotations-2.3.0.jar;D:\RepositoryLaura\com\fasterxml\jackson\core\jackson-core\2.3.1\jackson-core-2.3.1.jar;D:\RepositoryLaura\com\fasterxml\jackson\dataformat\jackson-dataformat-yaml\2.9.9\jackson-dataformat-yaml-2.9.9.jar;D:\RepositoryLaura\org\yaml\snakeyaml\1.23\snakeyaml-1.23.jar;D:\RepositoryLaura\io\qameta\allure\allure-junit5\2.13.3\allure-junit5-2.13.3.jar;D:\RepositoryLaura\io\qameta\allure\allure-junit-platform\2.13.3\allure-junit-platform-2.13.3.jar;D:\RepositoryLaura\io\qameta\allure\allure-java-commons\2.13.3\allure-java-commons-2.13.3.jar;D:\RepositoryLaura\org\jooq\joor-java-8\0.9.10\joor-java-8-0.9.10.jar;D:\RepositoryLaura\org\junit\platform\junit-platform-launcher\1.5.2\junit-platform-launcher-1.5.2.jar;D:\RepositoryLaura\io\qameta\allure\allure-commandline\2.13.3\allure-commandline-2.13.3.jar;D:\RepositoryLaura\com\beust\jcommander\1.78\jcommander-1.78.jar;D:\RepositoryLaura\commons-io\commons-io\2.6\commons-io-2.6.jar;D:\RepositoryLaura\io\qameta\allure\allure-generator\2.13.3\allure-generator-2.13.3.jar;D:\RepositoryLaura\com\fasterxml\jackson\dataformat\jackson-dataformat-xml\2.9.8\jackson-dataformat-xml-2.9.8.jar;D:\RepositoryLaura\com\fasterxml\jackson\module\jackson-module-jaxb-annotations\2.9.8\jackson-module-jaxb-annotations-2.9.8.jar;D:\RepositoryLaura\org\codehaus\woodstox\stax2-api\3.1.4\stax2-api-3.1.4.jar;D:\RepositoryLaura\com\fasterxml\woodstox\woodstox-core\5.0.3\woodstox-core-5.0.3.jar;D:\RepositoryLaura\io\qameta\allure\allure-model\2.13.0\allure-model-2.13.0.jar;D:\RepositoryLaura\javax\xml\bind\jaxb-api\2.3.1\jaxb-api-2.3.1.jar;D:\RepositoryLaura\javax\activation\javax.activation-api\1.2.0\javax.activation-api-1.2.0.jar;D:\RepositoryLaura\org\allurefw\allure1-model\1.0\allure1-model-1.0.jar;D:\RepositoryLaura\ru\qatools\commons\properties\2.0.RC5\properties-2.0.RC5.jar;D:\RepositoryLaura\com\github\baev\jaxb-utils\1.0\jaxb-utils-1.0.jar;D:\RepositoryLaura\org\apache\httpcomponents\httpclient\4.5.9\httpclient-4.5.9.jar;D:\RepositoryLaura\org\apache\httpcomponents\httpcore\4.4.11\httpcore-4.4.11.jar;D:\RepositoryLaura\commons-logging\commons-logging\1.2\commons-logging-1.2.jar;D:\RepositoryLaura\commons-codec\commons-codec\1.11\commons-codec-1.11.jar;D:\RepositoryLaura\org\apache\tika\tika-core\1.22\tika-core-1.22.jar;D:\RepositoryLaura\org\freemarker\freemarker\2.3.29\freemarker-2.3.29.jar;D:\RepositoryLaura\org\eclipse\jetty\jetty-server\9.4.20.v20190813\jetty-server-9.4.20.v20190813.jar;D:\RepositoryLaura\javax\servlet\javax.servlet-api\3.1.0\javax.servlet-api-3.1.0.jar;D:\RepositoryLaura\org\eclipse\jetty\jetty-http\9.4.20.v20190813\jetty-http-9.4.20.v20190813.jar;D:\RepositoryLaura\org\eclipse\jetty\jetty-util\9.4.20.v20190813\jetty-util-9.4.20.v20190813.jar;D:\RepositoryLaura\org\eclipse\jetty\jetty-io\9.4.20.v20190813\jetty-io-9.4.20.v20190813.jar;D:\RepositoryLaura\org\slf4j\slf4j-log4j12\1.7.28\slf4j-log4j12-1.7.28.jar;D:\RepositoryLaura\org\slf4j\slf4j-api\1.7.28\slf4j-api-1.7.28.jar;D:\RepositoryLaura\log4j\log4j\1.2.17\log4j-1.2.17.jar;"/>
    <property name="java.vm.vendor" value="Oracle Corporation"/>
    <property name="sun.arch.data.model" value="64"/>
    <property name="user.variant" value=""/>
    <property name="java.vendor.url" value="http://java.oracle.com/"/>
    <property name="user.timezone" value="Asia/Shanghai"/>
    <property name="java.vm.specification.version" value="1.8"/>
    <property name="os.name" value="Windows 10"/>
    <property name="user.country" value="CN"/>
    <property name="sun.java.launcher" value="SUN_STANDARD"/>
    <property name="sun.boot.library.path" value="C:\Program Files\Java\jdk1.8.0_181\jre\bin"/>
    <property name="sun.java.command" value="C:\Users\lhy\AppData\Local\Temp\surefire5062736844567519743\surefirebooter2752984929162523942.jar C:\Users\lhy\AppData\Local\Temp\surefire5062736844567519743 2020-05-21T20-07-03_840-jvmRun1 surefire2664313628614373773tmp surefire_07414748238499500784tmp"/>
    <property name="surefire.test.class.path" value="D:\ideaproject\hogwarts\java3\target\test-classes;D:\ideaproject\hogwarts\java3\target\classes;D:\RepositoryLaura\org\junit\jupiter\junit-jupiter\5.7.0-M1\junit-jupiter-5.7.0-M1.jar;D:\RepositoryLaura\org\junit\jupiter\junit-jupiter-api\5.7.0-M1\junit-jupiter-api-5.7.0-M1.jar;D:\RepositoryLaura\org\apiguardian\apiguardian-api\1.1.0\apiguardian-api-1.1.0.jar;D:\RepositoryLaura\org\opentest4j\opentest4j\1.2.0\opentest4j-1.2.0.jar;D:\RepositoryLaura\org\junit\platform\junit-platform-commons\1.7.0-M1\junit-platform-commons-1.7.0-M1.jar;D:\RepositoryLaura\org\junit\jupiter\junit-jupiter-params\5.7.0-M1\junit-jupiter-params-5.7.0-M1.jar;D:\RepositoryLaura\org\junit\jupiter\junit-jupiter-engine\5.7.0-M1\junit-jupiter-engine-5.7.0-M1.jar;D:\RepositoryLaura\org\junit\platform\junit-platform-engine\1.7.0-M1\junit-platform-engine-1.7.0-M1.jar;D:\RepositoryLaura\com\fasterxml\jackson\core\jackson-databind\2.3.1\jackson-databind-2.3.1.jar;D:\RepositoryLaura\com\fasterxml\jackson\core\jackson-annotations\2.3.0\jackson-annotations-2.3.0.jar;D:\RepositoryLaura\com\fasterxml\jackson\core\jackson-core\2.3.1\jackson-core-2.3.1.jar;D:\RepositoryLaura\com\fasterxml\jackson\dataformat\jackson-dataformat-yaml\2.9.9\jackson-dataformat-yaml-2.9.9.jar;D:\RepositoryLaura\org\yaml\snakeyaml\1.23\snakeyaml-1.23.jar;D:\RepositoryLaura\io\qameta\allure\allure-junit5\2.13.3\allure-junit5-2.13.3.jar;D:\RepositoryLaura\io\qameta\allure\allure-junit-platform\2.13.3\allure-junit-platform-2.13.3.jar;D:\RepositoryLaura\io\qameta\allure\allure-java-commons\2.13.3\allure-java-commons-2.13.3.jar;D:\RepositoryLaura\org\jooq\joor-java-8\0.9.10\joor-java-8-0.9.10.jar;D:\RepositoryLaura\org\junit\platform\junit-platform-launcher\1.5.2\junit-platform-launcher-1.5.2.jar;D:\RepositoryLaura\io\qameta\allure\allure-commandline\2.13.3\allure-commandline-2.13.3.jar;D:\RepositoryLaura\com\beust\jcommander\1.78\jcommander-1.78.jar;D:\RepositoryLaura\commons-io\commons-io\2.6\commons-io-2.6.jar;D:\RepositoryLaura\io\qameta\allure\allure-generator\2.13.3\allure-generator-2.13.3.jar;D:\RepositoryLaura\com\fasterxml\jackson\dataformat\jackson-dataformat-xml\2.9.8\jackson-dataformat-xml-2.9.8.jar;D:\RepositoryLaura\com\fasterxml\jackson\module\jackson-module-jaxb-annotations\2.9.8\jackson-module-jaxb-annotations-2.9.8.jar;D:\RepositoryLaura\org\codehaus\woodstox\stax2-api\3.1.4\stax2-api-3.1.4.jar;D:\RepositoryLaura\com\fasterxml\woodstox\woodstox-core\5.0.3\woodstox-core-5.0.3.jar;D:\RepositoryLaura\io\qameta\allure\allure-model\2.13.0\allure-model-2.13.0.jar;D:\RepositoryLaura\javax\xml\bind\jaxb-api\2.3.1\jaxb-api-2.3.1.jar;D:\RepositoryLaura\javax\activation\javax.activation-api\1.2.0\javax.activation-api-1.2.0.jar;D:\RepositoryLaura\org\allurefw\allure1-model\1.0\allure1-model-1.0.jar;D:\RepositoryLaura\ru\qatools\commons\properties\2.0.RC5\properties-2.0.RC5.jar;D:\RepositoryLaura\com\github\baev\jaxb-utils\1.0\jaxb-utils-1.0.jar;D:\RepositoryLaura\org\apache\httpcomponents\httpclient\4.5.9\httpclient-4.5.9.jar;D:\RepositoryLaura\org\apache\httpcomponents\httpcore\4.4.11\httpcore-4.4.11.jar;D:\RepositoryLaura\commons-logging\commons-logging\1.2\commons-logging-1.2.jar;D:\RepositoryLaura\commons-codec\commons-codec\1.11\commons-codec-1.11.jar;D:\RepositoryLaura\org\apache\tika\tika-core\1.22\tika-core-1.22.jar;D:\RepositoryLaura\org\freemarker\freemarker\2.3.29\freemarker-2.3.29.jar;D:\RepositoryLaura\org\eclipse\jetty\jetty-server\9.4.20.v20190813\jetty-server-9.4.20.v20190813.jar;D:\RepositoryLaura\javax\servlet\javax.servlet-api\3.1.0\javax.servlet-api-3.1.0.jar;D:\RepositoryLaura\org\eclipse\jetty\jetty-http\9.4.20.v20190813\jetty-http-9.4.20.v20190813.jar;D:\RepositoryLaura\org\eclipse\jetty\jetty-util\9.4.20.v20190813\jetty-util-9.4.20.v20190813.jar;D:\RepositoryLaura\org\eclipse\jetty\jetty-io\9.4.20.v20190813\jetty-io-9.4.20.v20190813.jar;D:\RepositoryLaura\org\slf4j\slf4j-log4j12\1.7.28\slf4j-log4j12-1.7.28.jar;D:\RepositoryLaura\org\slf4j\slf4j-api\1.7.28\slf4j-api-1.7.28.jar;D:\RepositoryLaura\log4j\log4j\1.2.17\log4j-1.2.17.jar;"/>
    <property name="sun.cpu.endian" value="little"/>
    <property name="user.home" value="C:\Users\lhy"/>
    <property name="user.language" value="zh"/>
    <property name="java.specification.vendor" value="Oracle Corporation"/>
    <property name="java.home" value="C:\Program Files\Java\jdk1.8.0_181\jre"/>
    <property name="basedir" value="D:\ideaproject\hogwarts\java3"/>
    <property name="file.separator" value="\"/>
    <property name="line.separator" value="&#10;"/>
    <property name="java.vm.specification.vendor" value="Oracle Corporation"/>
    <property name="java.specification.name" value="Java Platform API Specification"/>
    <property name="java.awt.graphicsenv" value="sun.awt.Win32GraphicsEnvironment"/>
    <property name="surefire.real.class.path" value="C:\Users\lhy\AppData\Local\Temp\surefire5062736844567519743\surefirebooter2752984929162523942.jar;D:\RepositoryLaura/org/aspectj/aspectjweaver/1.8.10/aspectjweaver-1.8.10.jar"/>
    <property name="sun.boot.class.path" value="C:\Program Files\Java\jdk1.8.0_181\jre\lib\resources.jar;C:\Program Files\Java\jdk1.8.0_181\jre\lib\rt.jar;C:\Program Files\Java\jdk1.8.0_181\jre\lib\sunrsasign.jar;C:\Program Files\Java\jdk1.8.0_181\jre\lib\jsse.jar;C:\Program Files\Java\jdk1.8.0_181\jre\lib\jce.jar;C:\Program Files\Java\jdk1.8.0_181\jre\lib\charsets.jar;C:\Program Files\Java\jdk1.8.0_181\jre\lib\jfr.jar;C:\Program Files\Java\jdk1.8.0_181\jre\classes"/>
    <property name="user.script" value=""/>
    <property name="sun.management.compiler" value="HotSpot 64-Bit Tiered Compilers"/>
    <property name="java.runtime.version" value="1.8.0_181-b13"/>
    <property name="user.name" value="lhy"/>
    <property name="path.separator" value=";"/>
    <property name="os.version" value="10.0"/>
    <property name="java.endorsed.dirs" value="C:\Program Files\Java\jdk1.8.0_181\jre\lib\endorsed"/>
    <property name="java.runtime.name" value="Java(TM) SE Runtime Environment"/>
    <property name="file.encoding" value="GBK"/>
    <property name="java.vm.name" value="Java HotSpot(TM) 64-Bit Server VM"/>
    <property name="localRepository" value="D:\RepositoryLaura"/>
    <property name="java.vendor.url.bug" value="http://bugreport.sun.com/bugreport/"/>
    <property name="java.io.tmpdir" value="C:\Users\lhy\AppData\Local\Temp\"/>
    <property name="java.version" value="1.8.0_181"/>
    <property name="user.dir" value="D:\ideaproject\hogwarts\java3"/>
    <property name="os.arch" value="amd64"/>
    <property name="java.vm.specification.name" value="Java Virtual Machine Specification"/>
    <property name="java.awt.printerjob" value="sun.awt.windows.WPrinterJob"/>
    <property name="sun.os.patch.level" value=""/>
    <property name="java.library.path" value="C:\Program Files\Java\jdk1.8.0_181\jre\bin;C:\WINDOWS\Sun\Java\bin;C:\WINDOWS\system32;C:\WINDOWS;D:\tools\Git\mingw64\bin;D:\tools\Git\usr\bin;C:\Users\lhy\bin;D:\develop\Python38\Scripts;D:\develop\Python38;C:\Program Files (x86)\Common Files\Oracle\Java\javapath;C:\Program Files (x86)\Intel\iCLS Client;C:\Program Files\Intel\iCLS Client;C:\WINDOWS\system32;C:\WINDOWS;C:\WINDOWS\System32\Wbem;C:\WINDOWS\System32\WindowsPowerShell\v1.0;C:\Program Files (x86)\Intel\Intel(R) Management Engine Components\DAL;C:\Program Files\Intel\Intel(R) Management Engine Components\DAL;C:\Program Files (x86)\Intel\Intel(R) Management Engine Components\IPT;C:\Program Files\Intel\Intel(R) Management Engine Components\IPT;C:\Program Files\Java\jdk1.8.0_181;C:\WINDOWS\System32\OpenSSH;D:\tools\Git\cmd;D:\develop\mysql-5.6.24-winx64\bin;D:\tools\sonar-scanner-4.0.0.1744-windows\bin;D:\python;C:\Users\lhy\AppData\Local\Programs\Python\Python37-32\Scripts;C:\Users\lhy\AppData\Local\Programs\Python\Python37-32;D:\python\Scripts;D:\python;D:\develop\apache-maven-3.6.1\bin;C:\Program Files\Java\jdk1.8.0_181\bin;C:\Program Files\Java\jdk1.8.0_181\jre\bin；C;D:\tools\Git\Program Files\MongoDB\Server\4.0\bin;C:\Users\lhy\AppData\Local\Microsoft\WindowsApps;D:\develop\python;%JMETER_HOME\lib\ext\ApacheJMeter_core.ja;D:\develop\apache-jmeter-5.1.1\lib\jorphan.jar;D:\develop\apache-jmeter-5.1.1\lib\logkit-2.0.jar;.;D:\develop\mysql-5.7.22-winx64\bin;C:\Users\lhy\AppData\Local\Microsoft\WindowsApps;D:\develop\Fiddler;."/>
    <property name="junit.jupiter.extensions.autodetection.enabled" value="true"/>
    <property name="java.vm.info" value="mixed mode"/>
    <property name="java.vendor" value="Oracle Corporation"/>
    <property name="java.vm.version" value="25.181-b13"/>
    <property name="java.ext.dirs" value="C:\Program Files\Java\jdk1.8.0_181\jre\lib\ext;C:\WINDOWS\Sun\Java\lib\ext"/>
    <property name="sun.io.unicode.encoding" value="UnicodeLittle"/>
    <property name="java.class.version" value="52.0"/>
  </properties>
  <testcase name="testddt{String}[1]" classname="com.junit5.TestYaml" time="0.003">
    <failure message="expected: &lt;true&gt; but was: &lt;false&gt;" type="org.opentest4j.AssertionFailedError"><![CDATA[org.opentest4j.AssertionFailedError: expected: <true> but was: <false>
	at com.junit5.TestYaml.testddt(TestYaml.java:25)
]]></failure>
  </testcase>
  <testcase name="testddt{String}[2]" classname="com.junit5.TestYaml" time="0.005">
    <failure message="expected: &lt;true&gt; but was: &lt;false&gt;" type="org.opentest4j.AssertionFailedError"><![CDATA[org.opentest4j.AssertionFailedError: expected: <true> but was: <false>
	at com.junit5.TestYaml.testddt(TestYaml.java:25)
]]></failure>
  </testcase>
  <testcase name="testddt{String}[3]" classname="com.junit5.TestYaml" time="0.005">
    <failure message="expected: &lt;true&gt; but was: &lt;false&gt;" type="org.opentest4j.AssertionFailedError"><![CDATA[org.opentest4j.AssertionFailedError: expected: <true> but was: <false>
	at com.junit5.TestYaml.testddt(TestYaml.java:25)
]]></failure>
  </testcase>
  <testcase name="testddt{String}[4]" classname="com.junit5.TestYaml" time="0.004"/>
  <testcase name="testDDTFormYaml{User}" classname="com.junit5.TestYaml" time="0.026">
    <error message="com/fasterxml/jackson/core/FormatFeature" type="java.lang.NoClassDefFoundError">java.lang.NoClassDefFoundError: com/fasterxml/jackson/core/FormatFeature
	at com.junit5.TestYaml.testDDTFormYaml(TestYaml.java:45)
Caused by: java.lang.ClassNotFoundException: com.fasterxml.jackson.core.FormatFeature
	at com.junit5.TestYaml.testDDTFormYaml(TestYaml.java:45)
</error>
  </testcase>
  <testcase name="testDDTFromJson{User}[1]" classname="com.junit5.TestYaml" time="0.005"/>
  <testcase name="testDDTFromJson{User}[2]" classname="com.junit5.TestYaml" time="0.003"/>
  <testcase name="testDDTFromJson{User}[3]" classname="com.junit5.TestYaml" time="0.004"/>
</testsuite>